{"C:\\Users\\devel\\Desktop\\Namaste React Series\\Episode 13 - Time for the Test\\src\\components\\Contact.jsx": {"path":"C:\\Users\\devel\\Desktop\\Namaste React Series\\Episode 13 - Time for the Test\\src\\components\\Contact.jsx","statementMap":{"0":{"start":{"line":1,"column":16},"end":{"line":23,"column":1}},"1":{"start":{"line":2,"column":2},"end":{"line":22,"column":4}}},"fnMap":{"0":{"name":"(anonymous_0)","decl":{"start":{"line":1,"column":16},"end":{"line":1,"column":17}},"loc":{"start":{"line":1,"column":22},"end":{"line":23,"column":1}},"line":1}},"branchMap":{},"s":{"0":1,"1":3},"f":{"0":3},"b":{},"_coverageSchema":"1a1c01bbd47fc00a2c39e90264f33305004495a9","hash":"61d1e3a74101cb91c6a481c521d5cb2f1144d049"}
,"C:\\Users\\devel\\Desktop\\Namaste React Series\\Episode 13 - Time for the Test\\src\\components\\Header.jsx": {"path":"C:\\Users\\devel\\Desktop\\Namaste React Series\\Episode 13 - Time for the Test\\src\\components\\Header.jsx","statementMap":{"0":{"start":{"line":10,"column":15},"end":{"line":77,"column":1}},"1":{"start":{"line":11,"column":38},"end":{"line":11,"column":53}},"2":{"start":{"line":27,"column":2},"end":{"line":29,"column":9}},"3":{"start":{"line":31,"column":23},"end":{"line":31,"column":40}},"4":{"start":{"line":33,"column":27},"end":{"line":33,"column":50}},"5":{"start":{"line":39,"column":20},"end":{"line":39,"column":60}},"6":{"start":{"line":39,"column":43},"end":{"line":39,"column":59}},"7":{"start":{"line":42,"column":2},"end":{"line":76,"column":4}}},"fnMap":{"0":{"name":"(anonymous_0)","decl":{"start":{"line":10,"column":15},"end":{"line":10,"column":16}},"loc":{"start":{"line":10,"column":21},"end":{"line":77,"column":1}},"line":10},"1":{"name":"(anonymous_1)","decl":{"start":{"line":27,"column":12},"end":{"line":27,"column":13}},"loc":{"start":{"line":27,"column":18},"end":{"line":29,"column":3}},"line":27},"2":{"name":"(anonymous_2)","decl":{"start":{"line":39,"column":32},"end":{"line":39,"column":33}},"loc":{"start":{"line":39,"column":43},"end":{"line":39,"column":59}},"line":39}},"branchMap":{"0":{"loc":{"start":{"line":49,"column":30},"end":{"line":49,"column":56}},"type":"cond-expr","locations":[{"start":{"line":49,"column":45},"end":{"line":49,"column":49}},{"start":{"line":49,"column":52},"end":{"line":49,"column":56}}],"line":49},"1":{"loc":{"start":{"line":70,"column":13},"end":{"line":70,"column":44}},"type":"cond-expr","locations":[{"start":{"line":70,"column":26},"end":{"line":70,"column":34}},{"start":{"line":70,"column":37},"end":{"line":70,"column":44}}],"line":70}},"s":{"0":1,"1":4,"2":4,"3":4,"4":4,"5":4,"6":7,"7":4},"f":{"0":4,"1":3,"2":7},"b":{"0":[4,0],"1":[1,3]},"_coverageSchema":"1a1c01bbd47fc00a2c39e90264f33305004495a9","hash":"94bcd666fd2c37d233ef9ee5dece0fcb05abb817"}
,"C:\\Users\\devel\\Desktop\\Namaste React Series\\Episode 13 - Time for the Test\\src\\components\\RestaurantCard.jsx": {"path":"C:\\Users\\devel\\Desktop\\Namaste React Series\\Episode 13 - Time for the Test\\src\\components\\RestaurantCard.jsx","statementMap":{"0":{"start":{"line":4,"column":23},"end":{"line":87,"column":1}},"1":{"start":{"line":7,"column":23},"end":{"line":7,"column":28}},"2":{"start":{"line":16,"column":6},"end":{"line":16,"column":14}},"3":{"start":{"line":18,"column":35},"end":{"line":18,"column":48}},"4":{"start":{"line":20,"column":32},"end":{"line":20,"column":72}},"5":{"start":{"line":21,"column":2},"end":{"line":86,"column":4}},"6":{"start":{"line":93,"column":28},"end":{"line":107,"column":1}},"7":{"start":{"line":96,"column":2},"end":{"line":106,"column":4}},"8":{"start":{"line":98,"column":4},"end":{"line":105,"column":6}}},"fnMap":{"0":{"name":"(anonymous_0)","decl":{"start":{"line":4,"column":23},"end":{"line":4,"column":24}},"loc":{"start":{"line":4,"column":34},"end":{"line":87,"column":1}},"line":4},"1":{"name":"(anonymous_1)","decl":{"start":{"line":93,"column":28},"end":{"line":93,"column":29}},"loc":{"start":{"line":93,"column":48},"end":{"line":107,"column":1}},"line":93},"2":{"name":"(anonymous_2)","decl":{"start":{"line":96,"column":9},"end":{"line":96,"column":10}},"loc":{"start":{"line":96,"column":20},"end":{"line":106,"column":3}},"line":96}},"branchMap":{"0":{"loc":{"start":{"line":20,"column":32},"end":{"line":20,"column":72}},"type":"binary-expr","locations":[{"start":{"line":20,"column":32},"end":{"line":20,"column":66}},{"start":{"line":20,"column":70},"end":{"line":20,"column":72}}],"line":20}},"s":{"0":1,"1":1,"2":1,"3":1,"4":1,"5":1,"6":1,"7":0,"8":0},"f":{"0":1,"1":0,"2":0},"b":{"0":[1,0]},"_coverageSchema":"1a1c01bbd47fc00a2c39e90264f33305004495a9","hash":"ed2ddaa13bcfb28f722ba553ca0230e5b5fea20d"}
,"C:\\Users\\devel\\Desktop\\Namaste React Series\\Episode 13 - Time for the Test\\src\\components\\sum.js": {"path":"C:\\Users\\devel\\Desktop\\Namaste React Series\\Episode 13 - Time for the Test\\src\\components\\sum.js","statementMap":{"0":{"start":{"line":1,"column":19},"end":{"line":3,"column":1}},"1":{"start":{"line":2,"column":2},"end":{"line":2,"column":15}}},"fnMap":{"0":{"name":"(anonymous_0)","decl":{"start":{"line":1,"column":19},"end":{"line":1,"column":20}},"loc":{"start":{"line":1,"column":29},"end":{"line":3,"column":1}},"line":1}},"branchMap":{},"s":{"0":1,"1":1},"f":{"0":1},"b":{},"_coverageSchema":"1a1c01bbd47fc00a2c39e90264f33305004495a9","hash":"96a207ec5f07e6b539a8f8f6b480ce65b41000ee"}
,"C:\\Users\\devel\\Desktop\\Namaste React Series\\Episode 13 - Time for the Test\\src\\utils\\CartSlice.js": {"path":"C:\\Users\\devel\\Desktop\\Namaste React Series\\Episode 13 - Time for the Test\\src\\utils\\CartSlice.js","statementMap":{"0":{"start":{"line":3,"column":18},"end":{"line":35,"column":2}},"1":{"start":{"line":19,"column":6},"end":{"line":19,"column":39}},"2":{"start":{"line":22,"column":6},"end":{"line":22,"column":24}},"3":{"start":{"line":27,"column":6},"end":{"line":27,"column":34}},"4":{"start":{"line":32,"column":6},"end":{"line":32,"column":27}},"5":{"start":{"line":37,"column":50},"end":{"line":37,"column":67}}},"fnMap":{"0":{"name":"(anonymous_0)","decl":{"start":{"line":9,"column":13},"end":{"line":9,"column":14}},"loc":{"start":{"line":9,"column":32},"end":{"line":20,"column":5}},"line":9},"1":{"name":"(anonymous_1)","decl":{"start":{"line":21,"column":16},"end":{"line":21,"column":17}},"loc":{"start":{"line":21,"column":27},"end":{"line":23,"column":5}},"line":21},"2":{"name":"(anonymous_2)","decl":{"start":{"line":26,"column":15},"end":{"line":26,"column":16}},"loc":{"start":{"line":26,"column":26},"end":{"line":33,"column":5}},"line":26}},"branchMap":{},"s":{"0":1,"1":0,"2":0,"3":0,"4":0,"5":1},"f":{"0":0,"1":0,"2":0},"b":{},"_coverageSchema":"1a1c01bbd47fc00a2c39e90264f33305004495a9","hash":"bae18b5af0438d5d462afb6589d9830670692f5e"}
,"C:\\Users\\devel\\Desktop\\Namaste React Series\\Episode 13 - Time for the Test\\src\\utils\\UserContext.js": {"path":"C:\\Users\\devel\\Desktop\\Namaste React Series\\Episode 13 - Time for the Test\\src\\utils\\UserContext.js","statementMap":{"0":{"start":{"line":4,"column":20},"end":{"line":6,"column":2}}},"fnMap":{},"branchMap":{},"s":{"0":1},"f":{},"b":{},"_coverageSchema":"1a1c01bbd47fc00a2c39e90264f33305004495a9","hash":"653eeefa9e43d968e4c6deb7d5570c16cdd57ab2"}
,"C:\\Users\\devel\\Desktop\\Namaste React Series\\Episode 13 - Time for the Test\\src\\utils\\appStore.js": {"path":"C:\\Users\\devel\\Desktop\\Namaste React Series\\Episode 13 - Time for the Test\\src\\utils\\appStore.js","statementMap":{"0":{"start":{"line":4,"column":17},"end":{"line":11,"column":2}}},"fnMap":{},"branchMap":{},"s":{"0":1},"f":{},"b":{},"_coverageSchema":"1a1c01bbd47fc00a2c39e90264f33305004495a9","hash":"a91421bfd5433cc49897b7cfeabc7877080adca5"}
,"C:\\Users\\devel\\Desktop\\Namaste React Series\\Episode 13 - Time for the Test\\src\\utils\\constants.js": {"path":"C:\\Users\\devel\\Desktop\\Namaste React Series\\Episode 13 - Time for the Test\\src\\utils\\constants.js","statementMap":{"0":{"start":{"line":1,"column":23},"end":{"line":1,"column":106}},"1":{"start":{"line":3,"column":25},"end":{"line":5,"column":3}},"2":{"start":{"line":7,"column":24},"end":{"line":7,"column":146}}},"fnMap":{},"branchMap":{},"s":{"0":1,"1":1,"2":1},"f":{},"b":{},"_coverageSchema":"1a1c01bbd47fc00a2c39e90264f33305004495a9","hash":"15ebd26bdfe41540df52c2e46f19903794ebeb81"}
,"C:\\Users\\devel\\Desktop\\Namaste React Series\\Episode 13 - Time for the Test\\src\\utils\\useLoginState.js": {"path":"C:\\Users\\devel\\Desktop\\Namaste React Series\\Episode 13 - Time for the Test\\src\\utils\\useLoginState.js","statementMap":{"0":{"start":{"line":3,"column":22},"end":{"line":9,"column":1}},"1":{"start":{"line":4,"column":38},"end":{"line":4,"column":53}},"2":{"start":{"line":6,"column":22},"end":{"line":6,"column":54}},"3":{"start":{"line":6,"column":28},"end":{"line":6,"column":54}},"4":{"start":{"line":8,"column":2},"end":{"line":8,"column":37}}},"fnMap":{"0":{"name":"(anonymous_0)","decl":{"start":{"line":3,"column":22},"end":{"line":3,"column":23}},"loc":{"start":{"line":3,"column":28},"end":{"line":9,"column":1}},"line":3},"1":{"name":"(anonymous_1)","decl":{"start":{"line":6,"column":22},"end":{"line":6,"column":23}},"loc":{"start":{"line":6,"column":28},"end":{"line":6,"column":54}},"line":6}},"branchMap":{},"s":{"0":1,"1":4,"2":4,"3":1,"4":4},"f":{"0":4,"1":1},"b":{},"_coverageSchema":"1a1c01bbd47fc00a2c39e90264f33305004495a9","hash":"5b3a9b155f91984a4e4df481579c5af9a39f74d0"}
,"C:\\Users\\devel\\Desktop\\Namaste React Series\\Episode 13 - Time for the Test\\src\\utils\\useOnlineStatus.js": {"path":"C:\\Users\\devel\\Desktop\\Namaste React Series\\Episode 13 - Time for the Test\\src\\utils\\useOnlineStatus.js","statementMap":{"0":{"start":{"line":3,"column":24},"end":{"line":20,"column":1}},"1":{"start":{"line":6,"column":42},"end":{"line":6,"column":56}},"2":{"start":{"line":8,"column":2},"end":{"line":16,"column":9}},"3":{"start":{"line":9,"column":4},"end":{"line":11,"column":7}},"4":{"start":{"line":10,"column":6},"end":{"line":10,"column":29}},"5":{"start":{"line":13,"column":4},"end":{"line":15,"column":7}},"6":{"start":{"line":14,"column":6},"end":{"line":14,"column":28}},"7":{"start":{"line":19,"column":2},"end":{"line":19,"column":22}}},"fnMap":{"0":{"name":"(anonymous_0)","decl":{"start":{"line":3,"column":24},"end":{"line":3,"column":25}},"loc":{"start":{"line":3,"column":30},"end":{"line":20,"column":1}},"line":3},"1":{"name":"(anonymous_1)","decl":{"start":{"line":8,"column":12},"end":{"line":8,"column":13}},"loc":{"start":{"line":8,"column":18},"end":{"line":16,"column":3}},"line":8},"2":{"name":"(anonymous_2)","decl":{"start":{"line":9,"column":32},"end":{"line":9,"column":33}},"loc":{"start":{"line":9,"column":38},"end":{"line":11,"column":5}},"line":9},"3":{"name":"(anonymous_3)","decl":{"start":{"line":13,"column":31},"end":{"line":13,"column":32}},"loc":{"start":{"line":13,"column":37},"end":{"line":15,"column":5}},"line":13}},"branchMap":{},"s":{"0":1,"1":4,"2":4,"3":3,"4":0,"5":3,"6":0,"7":4},"f":{"0":4,"1":3,"2":0,"3":0},"b":{},"_coverageSchema":"1a1c01bbd47fc00a2c39e90264f33305004495a9","hash":"2764fc47d7824423bf4c238eebdc3657d3ce528a"}
}
