{"C:\\Users\\devel\\Desktop\\Namaste React Series\\Episode 13 - Time for the Test\\src\\components\\Body.jsx": {"path":"C:\\Users\\devel\\Desktop\\Namaste React Series\\Episode 13 - Time for the Test\\src\\components\\Body.jsx","statementMap":{"0":{"start":{"line":8,"column":13},"end":{"line":159,"column":1}},"1":{"start":{"line":11,"column":52},"end":{"line":11,"column":64}},"2":{"start":{"line":14,"column":38},"end":{"line":14,"column":50}},"3":{"start":{"line":16,"column":54},"end":{"line":16,"column":66}},"4":{"start":{"line":19,"column":33},"end":{"line":19,"column":61}},"5":{"start":{"line":23,"column":2},"end":{"line":25,"column":9}},"6":{"start":{"line":24,"column":4},"end":{"line":24,"column":16}},"7":{"start":{"line":27,"column":20},"end":{"line":44,"column":3}},"8":{"start":{"line":29,"column":17},"end":{"line":31,"column":5}},"9":{"start":{"line":33,"column":17},"end":{"line":33,"column":34}},"10":{"start":{"line":38,"column":4},"end":{"line":40,"column":6}},"11":{"start":{"line":41,"column":4},"end":{"line":43,"column":6}},"12":{"start":{"line":55,"column":23},"end":{"line":55,"column":40}},"13":{"start":{"line":57,"column":2},"end":{"line":62,"column":6}},"14":{"start":{"line":58,"column":4},"end":{"line":62,"column":6}},"15":{"start":{"line":64,"column":40},"end":{"line":64,"column":63}},"16":{"start":{"line":66,"column":2},"end":{"line":158,"column":4}},"17":{"start":{"line":79,"column":14},"end":{"line":79,"column":44}},"18":{"start":{"line":82,"column":14},"end":{"line":84,"column":15}},"19":{"start":{"line":83,"column":16},"end":{"line":83,"column":57}},"20":{"start":{"line":93,"column":45},"end":{"line":98,"column":16}},"21":{"start":{"line":95,"column":16},"end":{"line":97,"column":54}},"22":{"start":{"line":100,"column":14},"end":{"line":100,"column":60}},"23":{"start":{"line":117,"column":33},"end":{"line":119,"column":13}},"24":{"start":{"line":118,"column":23},"end":{"line":118,"column":52}},"25":{"start":{"line":122,"column":12},"end":{"line":122,"column":48}},"26":{"start":{"line":133,"column":29},"end":{"line":133,"column":56}},"27":{"start":{"line":142,"column":10},"end":{"line":152,"column":17}}},"fnMap":{"0":{"name":"(anonymous_0)","decl":{"start":{"line":8,"column":13},"end":{"line":8,"column":14}},"loc":{"start":{"line":8,"column":19},"end":{"line":159,"column":1}},"line":8},"1":{"name":"(anonymous_1)","decl":{"start":{"line":23,"column":12},"end":{"line":23,"column":13}},"loc":{"start":{"line":23,"column":18},"end":{"line":25,"column":3}},"line":23},"2":{"name":"(anonymous_2)","decl":{"start":{"line":27,"column":20},"end":{"line":27,"column":21}},"loc":{"start":{"line":27,"column":32},"end":{"line":44,"column":3}},"line":27},"3":{"name":"(anonymous_3)","decl":{"start":{"line":78,"column":22},"end":{"line":78,"column":23}},"loc":{"start":{"line":78,"column":29},"end":{"line":85,"column":13}},"line":78},"4":{"name":"(anonymous_4)","decl":{"start":{"line":89,"column":21},"end":{"line":89,"column":22}},"loc":{"start":{"line":89,"column":27},"end":{"line":101,"column":13}},"line":89},"5":{"name":"(anonymous_5)","decl":{"start":{"line":93,"column":70},"end":{"line":93,"column":71}},"loc":{"start":{"line":93,"column":79},"end":{"line":98,"column":15}},"line":93},"6":{"name":"(anonymous_6)","decl":{"start":{"line":116,"column":19},"end":{"line":116,"column":20}},"loc":{"start":{"line":116,"column":25},"end":{"line":123,"column":11}},"line":116},"7":{"name":"(anonymous_7)","decl":{"start":{"line":118,"column":14},"end":{"line":118,"column":15}},"loc":{"start":{"line":118,"column":23},"end":{"line":118,"column":52}},"line":118},"8":{"name":"(anonymous_8)","decl":{"start":{"line":133,"column":22},"end":{"line":133,"column":23}},"loc":{"start":{"line":133,"column":29},"end":{"line":133,"column":56}},"line":133},"9":{"name":"(anonymous_9)","decl":{"start":{"line":139,"column":32},"end":{"line":139,"column":33}},"loc":{"start":{"line":142,"column":10},"end":{"line":152,"column":17}},"line":142}},"branchMap":{"0":{"loc":{"start":{"line":57,"column":2},"end":{"line":62,"column":6}},"type":"if","locations":[{"start":{"line":57,"column":2},"end":{"line":62,"column":6}},{"start":{},"end":{}}],"line":57},"1":{"loc":{"start":{"line":66,"column":9},"end":{"line":158,"column":3}},"type":"cond-expr","locations":[{"start":{"line":67,"column":4},"end":{"line":67,"column":17}},{"start":{"line":69,"column":4},"end":{"line":157,"column":10}}],"line":66},"2":{"loc":{"start":{"line":82,"column":14},"end":{"line":84,"column":15}},"type":"if","locations":[{"start":{"line":82,"column":14},"end":{"line":84,"column":15}},{"start":{},"end":{}}],"line":82},"3":{"loc":{"start":{"line":147,"column":13},"end":{"line":151,"column":13}},"type":"cond-expr","locations":[{"start":{"line":148,"column":14},"end":{"line":148,"column":67}},{"start":{"line":150,"column":14},"end":{"line":150,"column":59}}],"line":147}},"s":{"0":1,"1":2,"2":2,"3":2,"4":2,"5":2,"6":1,"7":2,"8":1,"9":1,"10":1,"11":1,"12":2,"13":2,"14":0,"15":2,"16":2,"17":0,"18":0,"19":0,"20":0,"21":0,"22":0,"23":0,"24":0,"25":0,"26":0,"27":9},"f":{"0":2,"1":1,"2":1,"3":0,"4":0,"5":0,"6":0,"7":0,"8":0,"9":9},"b":{"0":[0,2],"1":[1,1],"2":[0,0],"3":[7,2]},"_coverageSchema":"1a1c01bbd47fc00a2c39e90264f33305004495a9","hash":"ef6909b47fa75840443146fb609f8a560cb32d84"}
,"C:\\Users\\devel\\Desktop\\Namaste React Series\\Episode 13 - Time for the Test\\src\\components\\Contact.jsx": {"path":"C:\\Users\\devel\\Desktop\\Namaste React Series\\Episode 13 - Time for the Test\\src\\components\\Contact.jsx","statementMap":{"0":{"start":{"line":1,"column":16},"end":{"line":23,"column":1}},"1":{"start":{"line":2,"column":2},"end":{"line":22,"column":4}}},"fnMap":{"0":{"name":"(anonymous_0)","decl":{"start":{"line":1,"column":16},"end":{"line":1,"column":17}},"loc":{"start":{"line":1,"column":22},"end":{"line":23,"column":1}},"line":1}},"branchMap":{},"s":{"0":1,"1":3},"f":{"0":3},"b":{},"_coverageSchema":"1a1c01bbd47fc00a2c39e90264f33305004495a9","hash":"61d1e3a74101cb91c6a481c521d5cb2f1144d049"}
,"C:\\Users\\devel\\Desktop\\Namaste React Series\\Episode 13 - Time for the Test\\src\\components\\RestaurantCard.jsx": {"path":"C:\\Users\\devel\\Desktop\\Namaste React Series\\Episode 13 - Time for the Test\\src\\components\\RestaurantCard.jsx","statementMap":{"0":{"start":{"line":4,"column":23},"end":{"line":86,"column":1}},"1":{"start":{"line":7,"column":23},"end":{"line":7,"column":28}},"2":{"start":{"line":16,"column":6},"end":{"line":16,"column":14}},"3":{"start":{"line":18,"column":35},"end":{"line":18,"column":48}},"4":{"start":{"line":20,"column":32},"end":{"line":20,"column":72}},"5":{"start":{"line":21,"column":2},"end":{"line":85,"column":4}},"6":{"start":{"line":92,"column":28},"end":{"line":106,"column":1}},"7":{"start":{"line":95,"column":2},"end":{"line":105,"column":4}},"8":{"start":{"line":97,"column":4},"end":{"line":104,"column":6}}},"fnMap":{"0":{"name":"(anonymous_0)","decl":{"start":{"line":4,"column":23},"end":{"line":4,"column":24}},"loc":{"start":{"line":4,"column":34},"end":{"line":86,"column":1}},"line":4},"1":{"name":"(anonymous_1)","decl":{"start":{"line":92,"column":28},"end":{"line":92,"column":29}},"loc":{"start":{"line":92,"column":48},"end":{"line":106,"column":1}},"line":92},"2":{"name":"(anonymous_2)","decl":{"start":{"line":95,"column":9},"end":{"line":95,"column":10}},"loc":{"start":{"line":95,"column":20},"end":{"line":105,"column":3}},"line":95}},"branchMap":{"0":{"loc":{"start":{"line":20,"column":32},"end":{"line":20,"column":72}},"type":"binary-expr","locations":[{"start":{"line":20,"column":32},"end":{"line":20,"column":66}},{"start":{"line":20,"column":70},"end":{"line":20,"column":72}}],"line":20}},"s":{"0":2,"1":10,"2":10,"3":10,"4":10,"5":10,"6":2,"7":2,"8":7},"f":{"0":10,"1":2,"2":7},"b":{"0":[10,4]},"_coverageSchema":"1a1c01bbd47fc00a2c39e90264f33305004495a9","hash":"3f47679dd3505e154b33a9eda00180894ca91973"}
}
