TN:
SF:src\components\Body.jsx
FN:8,(anonymous_0)
FN:23,(anonymous_1)
FN:27,(anonymous_2)
FN:78,(anonymous_3)
FN:89,(anonymous_4)
FN:93,(anonymous_5)
FN:116,(anonymous_6)
FN:118,(anonymous_7)
FN:133,(anonymous_8)
FN:139,(anonymous_9)
FNF:10
FNH:4
FNDA:2,(anonymous_0)
FNDA:1,(anonymous_1)
FNDA:1,(anonymous_2)
FNDA:0,(anonymous_3)
FNDA:0,(anonymous_4)
FNDA:0,(anonymous_5)
FNDA:0,(anonymous_6)
FNDA:0,(anonymous_7)
FNDA:0,(anonymous_8)
FNDA:9,(anonymous_9)
DA:8,1
DA:11,2
DA:14,2
DA:16,2
DA:19,2
DA:23,2
DA:24,1
DA:27,2
DA:29,1
DA:33,1
DA:38,1
DA:41,1
DA:55,2
DA:57,2
DA:58,0
DA:64,2
DA:66,2
DA:79,0
DA:82,0
DA:83,0
DA:93,0
DA:95,0
DA:100,0
DA:117,0
DA:118,0
DA:122,0
DA:133,0
DA:142,9
LF:28
LH:17
BRDA:57,0,0,0
BRDA:57,0,1,2
BRDA:66,1,0,1
BRDA:66,1,1,1
BRDA:82,2,0,0
BRDA:82,2,1,0
BRDA:147,3,0,7
BRDA:147,3,1,2
BRF:8
BRH:5
end_of_record
TN:
SF:src\components\Contact.jsx
FN:1,(anonymous_0)
FNF:1
FNH:1
FNDA:3,(anonymous_0)
DA:1,1
DA:2,3
LF:2
LH:2
BRF:0
BRH:0
end_of_record
TN:
SF:src\components\RestaurantCard.jsx
FN:4,(anonymous_0)
FN:92,(anonymous_1)
FN:95,(anonymous_2)
FNF:3
FNH:3
FNDA:10,(anonymous_0)
FNDA:2,(anonymous_1)
FNDA:7,(anonymous_2)
DA:4,2
DA:7,10
DA:16,10
DA:18,10
DA:20,10
DA:21,10
DA:92,2
DA:95,2
DA:97,7
LF:9
LH:9
BRDA:20,0,0,10
BRDA:20,0,1,4
BRF:2
BRH:2
end_of_record
